TN:
SF:src/constants/exercises.ts
FN:236,(anonymous_0)
FN:237,(anonymous_1)
FN:241,(anonymous_2)
FN:242,(anonymous_3)
FN:247,(anonymous_4)
FNF:5
FNH:0
FNDA:0,(anonymous_0)
FNDA:0,(anonymous_1)
FNDA:0,(anonymous_2)
FNDA:0,(anonymous_3)
FNDA:0,(anonymous_4)
DA:8,0
DA:43,0
DA:236,0
DA:237,0
DA:241,0
DA:242,0
DA:243,0
DA:247,0
DA:252,0
LF:9
LH:0
BRDA:250,0,0,0
BRF:1
BRH:0
end_of_record
TN:
SF:src/constants/index.ts
FNF:0
FNH:0
DA:6,0
LF:1
LH:0
BRF:0
BRH:0
end_of_record
TN:
SF:src/handlers/admin.ts
FN:16,(anonymous_0)
FN:76,(anonymous_1)
FN:110,(anonymous_2)
FNF:3
FNH:0
FNDA:0,(anonymous_0)
FNDA:0,(anonymous_1)
FNDA:0,(anonymous_2)
DA:2,0
DA:9,0
DA:16,0
DA:19,0
DA:20,0
DA:24,0
DA:26,0
DA:27,0
DA:38,0
DA:40,0
DA:41,0
DA:50,0
DA:60,0
DA:62,0
DA:76,0
DA:79,0
DA:80,0
DA:83,0
DA:85,0
DA:94,0
DA:96,0
DA:110,0
DA:113,0
DA:114,0
DA:117,0
DA:119,0
DA:128,0
DA:130,0
LF:28
LH:0
BRDA:26,0,0,0
BRDA:26,0,1,0
BRDA:40,1,0,0
BRDA:40,1,1,0
BRDA:67,2,0,0
BRDA:67,2,1,0
BRDA:101,3,0,0
BRDA:101,3,1,0
BRDA:135,4,0,0
BRDA:135,4,1,0
BRF:10
BRH:0
end_of_record
TN:
SF:src/handlers/coaches.ts
FN:29,normalizeNickname
FN:41,(anonymous_1)
FN:133,(anonymous_2)
FN:255,(anonymous_3)
FN:344,(anonymous_4)
FN:405,(anonymous_5)
FN:528,(anonymous_6)
FN:562,(anonymous_7)
FN:619,(anonymous_8)
FNF:9
FNH:5
FNDA:5,normalizeNickname
FNDA:5,(anonymous_1)
FNDA:0,(anonymous_2)
FNDA:0,(anonymous_3)
FNDA:0,(anonymous_4)
FNDA:8,(anonymous_5)
FNDA:6,(anonymous_6)
FNDA:2,(anonymous_7)
FNDA:0,(anonymous_8)
DA:2,3
DA:6,3
DA:19,3
DA:21,3
DA:30,5
DA:39,3
DA:41,3
DA:44,5
DA:45,5
DA:46,5
DA:48,5
DA:49,5
DA:51,5
DA:52,0
DA:53,0
DA:63,5
DA:65,5
DA:66,5
DA:68,5
DA:69,5
DA:70,5
DA:72,5
DA:73,5
DA:75,5
DA:78,5
DA:79,1
DA:80,1
DA:81,1
DA:82,4
DA:83,1
DA:84,1
DA:85,1
DA:87,3
DA:88,3
DA:89,3
DA:90,3
DA:91,3
DA:92,2
DA:93,2
DA:94,2
DA:96,1
DA:99,0
DA:102,0
DA:103,0
DA:107,5
DA:115,5
DA:121,0
DA:122,0
DA:133,3
DA:136,0
DA:137,0
DA:138,0
DA:148,0
DA:149,0
DA:152,0
DA:153,0
DA:164,0
DA:165,0
DA:166,0
DA:177,0
DA:178,0
DA:179,0
DA:190,0
DA:191,0
DA:192,0
DA:204,0
DA:207,0
DA:219,0
DA:228,0
DA:230,0
DA:237,0
DA:243,0
DA:244,0
DA:255,3
DA:258,0
DA:259,0
DA:260,0
DA:270,0
DA:271,0
DA:273,0
DA:274,0
DA:285,0
DA:286,0
DA:287,0
DA:299,0
DA:300,0
DA:301,0
DA:318,0
DA:320,0
DA:326,0
DA:332,0
DA:333,0
DA:344,3
DA:347,0
DA:348,0
DA:350,0
DA:351,0
DA:363,0
DA:364,0
DA:365,0
DA:375,0
DA:387,0
DA:393,0
DA:394,0
DA:405,3
DA:408,8
DA:409,8
DA:411,8
DA:412,1
DA:422,7
DA:423,1
DA:435,6
DA:436,6
DA:439,6
DA:440,1
DA:451,5
DA:452,1
DA:463,4
DA:464,4
DA:465,1
DA:476,3
DA:484,3
DA:486,3
DA:487,1
DA:497,2
DA:507,2
DA:513,0
DA:514,0
DA:528,3
DA:531,6
DA:532,6
DA:533,6
DA:535,6
DA:536,1
DA:547,5
DA:548,5
DA:549,2
DA:560,3
DA:561,3
DA:562,2
DA:565,3
DA:566,2
DA:577,1
DA:586,1
DA:587,1
DA:588,0
DA:598,1
DA:604,0
DA:605,0
DA:619,3
DA:622,0
DA:623,0
DA:624,0
DA:626,0
DA:627,0
DA:638,0
DA:639,0
DA:640,0
DA:651,0
DA:662,0
DA:663,0
DA:664,0
DA:674,0
DA:680,0
DA:681,0
LF:165
LH:85
BRDA:19,0,0,3
BRDA:19,0,1,3
BRDA:51,1,0,0
BRDA:51,1,1,5
BRDA:72,2,0,5
BRDA:72,2,1,4
BRDA:78,3,0,1
BRDA:78,3,1,4
BRDA:82,4,0,1
BRDA:82,4,1,3
BRDA:91,5,0,2
BRDA:91,5,1,1
BRDA:137,6,0,0
BRDA:137,6,1,0
BRDA:152,7,0,0
BRDA:152,7,1,0
BRDA:152,8,0,0
BRDA:152,8,1,0
BRDA:152,8,2,0
BRDA:152,8,3,0
BRDA:165,9,0,0
BRDA:165,9,1,0
BRDA:165,10,0,0
BRDA:165,10,1,0
BRDA:178,11,0,0
BRDA:178,11,1,0
BRDA:191,12,0,0
BRDA:191,12,1,0
BRDA:259,13,0,0
BRDA:259,13,1,0
BRDA:273,14,0,0
BRDA:273,14,1,0
BRDA:273,15,0,0
BRDA:273,15,1,0
BRDA:286,16,0,0
BRDA:286,16,1,0
BRDA:300,17,0,0
BRDA:300,17,1,0
BRDA:350,18,0,0
BRDA:350,18,1,0
BRDA:364,19,0,0
BRDA:364,19,1,0
BRDA:384,20,0,0
BRDA:384,20,1,0
BRDA:411,21,0,1
BRDA:411,21,1,7
BRDA:422,22,0,1
BRDA:422,22,1,6
BRDA:439,23,0,1
BRDA:439,23,1,5
BRDA:439,24,0,6
BRDA:439,24,1,2
BRDA:439,24,2,2
BRDA:451,25,0,1
BRDA:451,25,1,4
BRDA:451,26,0,5
BRDA:451,26,1,3
BRDA:451,26,2,3
BRDA:464,27,0,1
BRDA:464,27,1,3
BRDA:478,28,0,3
BRDA:478,28,1,2
BRDA:479,29,0,3
BRDA:479,29,1,2
BRDA:480,30,0,3
BRDA:480,30,1,1
BRDA:486,31,0,1
BRDA:486,31,1,2
BRDA:535,32,0,1
BRDA:535,32,1,5
BRDA:535,33,0,6
BRDA:535,33,1,5
BRDA:548,34,0,2
BRDA:548,34,1,3
BRDA:548,35,0,5
BRDA:548,35,1,4
BRDA:565,36,0,2
BRDA:565,36,1,1
BRDA:587,37,0,0
BRDA:587,37,1,1
BRDA:626,38,0,0
BRDA:626,38,1,0
BRDA:626,39,0,0
BRDA:626,39,1,0
BRDA:639,40,0,0
BRDA:639,40,1,0
BRDA:639,41,0,0
BRDA:639,41,1,0
BRDA:663,42,0,0
BRDA:663,42,1,0
BRF:90
BRH:46
end_of_record
TN:
SF:src/handlers/exercise-sessions.ts
FN:22,(anonymous_0)
FN:138,(anonymous_1)
FN:207,(anonymous_2)
FNF:3
FNH:3
FNDA:5,(anonymous_0)
FNDA:2,(anonymous_1)
FNDA:2,(anonymous_2)
DA:2,1
DA:3,1
DA:11,1
DA:22,1
DA:25,5
DA:27,5
DA:28,5
DA:30,5
DA:31,1
DA:41,4
DA:42,0
DA:52,4
DA:61,4
DA:64,4
DA:65,1
DA:76,3
DA:77,3
DA:78,0
DA:89,3
DA:90,3
DA:104,3
DA:105,3
DA:106,0
DA:109,3
DA:111,3
DA:115,3
DA:122,0
DA:123,0
DA:138,1
DA:141,2
DA:143,2
DA:144,2
DA:146,2
DA:147,0
DA:158,2
DA:163,2
DA:164,2
DA:165,1
DA:176,1
DA:178,1
DA:180,1
DA:184,1
DA:191,0
DA:192,0
DA:207,1
DA:210,2
DA:212,2
DA:213,2
DA:214,2
DA:216,2
DA:217,0
DA:228,2
DA:233,2
DA:234,2
DA:235,0
DA:246,2
DA:247,2
DA:248,0
DA:258,2
DA:259,1
DA:270,1
DA:272,1
DA:274,1
DA:278,1
DA:285,0
DA:286,0
LF:66
LH:53
BRDA:30,0,0,1
BRDA:30,0,1,4
BRDA:41,1,0,0
BRDA:41,1,1,4
BRDA:64,2,0,1
BRDA:64,2,1,3
BRDA:64,3,0,4
BRDA:64,3,1,4
BRDA:64,3,2,3
BRDA:64,3,3,3
BRDA:64,3,4,3
BRDA:77,4,0,0
BRDA:77,4,1,3
BRDA:99,5,0,3
BRDA:99,5,1,0
BRDA:105,6,0,0
BRDA:105,6,1,3
BRDA:146,7,0,0
BRDA:146,7,1,2
BRDA:158,8,0,0
BRDA:158,8,1,2
BRDA:164,9,0,1
BRDA:164,9,1,1
BRDA:216,10,0,0
BRDA:216,10,1,2
BRDA:216,11,0,2
BRDA:216,11,1,2
BRDA:228,12,0,0
BRDA:228,12,1,2
BRDA:234,13,0,0
BRDA:234,13,1,2
BRDA:247,14,0,0
BRDA:247,14,1,2
BRDA:258,15,0,1
BRDA:258,15,1,1
BRF:35
BRH:25
end_of_record
TN:
SF:src/handlers/exercises.ts
FN:18,(anonymous_0)
FN:65,(anonymous_1)
FN:118,(anonymous_2)
FN:140,(anonymous_3)
FN:169,(anonymous_4)
FN:278,(anonymous_5)
FN:341,(anonymous_6)
FNF:7
FNH:5
FNDA:11,(anonymous_0)
FNDA:10,(anonymous_1)
FNDA:3,(anonymous_2)
FNDA:5,(anonymous_3)
FNDA:0,(anonymous_4)
FNDA:3,(anonymous_5)
FNDA:0,(anonymous_6)
DA:2,2
DA:3,2
DA:11,2
DA:18,2
DA:21,11
DA:22,11
DA:24,11
DA:25,1
DA:35,10
DA:36,0
DA:46,10
DA:47,10
DA:49,10
DA:50,1
DA:63,9
DA:64,9
DA:65,10
DA:68,9
DA:69,0
DA:80,9
DA:81,9
DA:83,9
DA:94,9
DA:96,9
DA:100,9
DA:106,0
DA:107,0
DA:118,2
DA:121,3
DA:122,3
DA:124,3
DA:125,0
DA:137,3
DA:139,3
DA:140,5
DA:151,3
DA:157,0
DA:158,0
DA:169,2
DA:170,0
DA:177,0
DA:178,0
DA:180,0
DA:181,0
DA:192,0
DA:193,0
DA:194,0
DA:205,0
DA:206,0
DA:217,0
DA:218,0
DA:220,0
DA:221,0
DA:222,0
DA:223,0
DA:224,0
DA:225,0
DA:228,0
DA:232,0
DA:233,0
DA:244,0
DA:246,0
DA:247,0
DA:257,0
DA:266,0
DA:267,0
DA:278,2
DA:279,3
DA:286,3
DA:287,3
DA:289,3
DA:290,0
DA:300,3
DA:301,3
DA:303,3
DA:304,2
DA:315,1
DA:316,1
DA:317,0
DA:328,1
DA:329,0
DA:340,1
DA:341,1
DA:342,0
DA:345,1
DA:346,0
DA:357,1
DA:366,1
DA:368,1
DA:375,0
DA:376,0
LF:91
LH:50
BRDA:24,0,0,1
BRDA:24,0,1,10
BRDA:35,1,0,0
BRDA:35,1,1,10
BRDA:49,2,0,1
BRDA:49,2,1,9
BRDA:49,3,0,10
BRDA:49,3,1,10
BRDA:68,4,0,0
BRDA:68,4,1,9
BRDA:81,5,0,9
BRDA:81,5,1,9
BRDA:124,6,0,0
BRDA:124,6,1,3
BRDA:178,7,0,0
BRDA:178,7,1,0
BRDA:180,8,0,0
BRDA:180,8,1,0
BRDA:180,9,0,0
BRDA:180,9,1,0
BRDA:193,10,0,0
BRDA:193,10,1,0
BRDA:205,11,0,0
BRDA:205,11,1,0
BRDA:221,12,0,0
BRDA:221,12,1,0
BRDA:222,13,0,0
BRDA:222,13,1,0
BRDA:223,14,0,0
BRDA:223,14,1,0
BRDA:228,15,0,0
BRDA:228,15,1,0
BRDA:232,16,0,0
BRDA:232,16,1,0
BRDA:246,17,0,0
BRDA:246,17,1,0
BRDA:287,18,0,3
BRDA:287,18,1,0
BRDA:289,19,0,0
BRDA:289,19,1,3
BRDA:289,20,0,3
BRDA:289,20,1,3
BRDA:300,21,0,3
BRDA:300,21,1,0
BRDA:303,22,0,2
BRDA:303,22,1,1
BRDA:303,23,0,3
BRDA:303,23,1,2
BRDA:316,24,0,0
BRDA:316,24,1,1
BRDA:328,25,0,0
BRDA:328,25,1,1
BRDA:342,26,0,0
BRDA:342,26,1,0
BRDA:345,27,0,0
BRDA:345,27,1,1
BRDA:361,28,0,1
BRDA:361,28,1,0
BRDA:362,29,0,1
BRDA:362,29,1,0
BRF:60
BRH:25
end_of_record
TN:
SF:src/handlers/health.ts
FN:4,(anonymous_0)
FNF:1
FNH:0
FNDA:0,(anonymous_0)
DA:2,0
DA:4,0
DA:7,0
DA:9,0
DA:10,0
DA:12,0
DA:13,0
DA:32,0
DA:46,0
DA:48,0
LF:10
LH:0
BRDA:12,0,0,0
BRDA:12,0,1,0
BRDA:27,1,0,0
BRDA:27,1,1,0
BRF:4
BRH:0
end_of_record
TN:
SF:src/handlers/plans.ts
FN:19,(anonymous_0)
FN:97,(anonymous_1)
FN:119,(anonymous_2)
FN:149,(anonymous_3)
FN:291,(anonymous_4)
FN:311,(anonymous_5)
FN:340,(anonymous_6)
FN:423,(anonymous_7)
FN:474,(anonymous_8)
FN:560,(anonymous_9)
FNF:10
FNH:0
FNDA:0,(anonymous_0)
FNDA:0,(anonymous_1)
FNDA:0,(anonymous_2)
FNDA:0,(anonymous_3)
FNDA:0,(anonymous_4)
FNDA:0,(anonymous_5)
FNDA:0,(anonymous_6)
FNDA:0,(anonymous_7)
FNDA:0,(anonymous_8)
FNDA:0,(anonymous_9)
DA:2,0
DA:3,0
DA:12,0
DA:19,0
DA:22,0
DA:23,0
DA:25,0
DA:26,0
DA:36,0
DA:37,0
DA:47,0
DA:48,0
DA:50,0
DA:51,0
DA:63,0
DA:73,0
DA:75,0
DA:79,0
DA:85,0
DA:86,0
DA:97,0
DA:100,0
DA:101,0
DA:103,0
DA:104,0
DA:116,0
DA:118,0
DA:119,0
DA:131,0
DA:137,0
DA:138,0
DA:149,0
DA:152,0
DA:153,0
DA:154,0
DA:155,0
DA:157,0
DA:159,0
DA:160,0
DA:161,0
DA:171,0
DA:174,0
DA:179,0
DA:184,0
DA:185,0
DA:186,0
DA:196,0
DA:197,0
DA:198,0
DA:208,0
DA:209,0
DA:210,0
DA:220,0
DA:221,0
DA:222,0
DA:233,0
DA:236,0
DA:237,0
DA:238,0
DA:248,0
DA:249,0
DA:254,0
DA:260,0
DA:261,0
DA:263,0
DA:271,0
DA:273,0
DA:279,0
DA:280,0
DA:291,0
DA:294,0
DA:295,0
DA:297,0
DA:298,0
DA:308,0
DA:310,0
DA:311,0
DA:319,0
DA:325,0
DA:326,0
DA:340,0
DA:343,0
DA:344,0
DA:345,0
DA:347,0
DA:348,0
DA:359,0
DA:360,0
DA:361,0
DA:371,0
DA:372,0
DA:383,0
DA:390,0
DA:391,0
DA:392,0
DA:402,0
DA:408,0
DA:409,0
DA:423,0
DA:426,0
DA:427,0
DA:428,0
DA:430,0
DA:431,0
DA:441,0
DA:442,0
DA:443,0
DA:453,0
DA:459,0
DA:460,0
DA:474,0
DA:477,0
DA:478,0
DA:479,0
DA:481,0
DA:482,0
DA:492,0
DA:493,0
DA:503,0
DA:506,0
DA:507,0
DA:508,0
DA:519,0
DA:527,0
DA:528,0
DA:529,0
DA:539,0
DA:545,0
DA:546,0
DA:560,0
DA:563,0
DA:564,0
DA:565,0
DA:567,0
DA:568,0
DA:579,0
DA:580,0
DA:581,0
DA:591,0
DA:592,0
DA:593,0
DA:603,0
DA:609,0
DA:610,0
LF:144
LH:0
BRDA:25,0,0,0
BRDA:25,0,1,0
BRDA:36,1,0,0
BRDA:36,1,1,0
BRDA:50,2,0,0
BRDA:50,2,1,0
BRDA:50,3,0,0
BRDA:50,3,1,0
BRDA:50,3,2,0
BRDA:103,4,0,0
BRDA:103,4,1,0
BRDA:123,5,0,0
BRDA:123,5,1,0
BRDA:159,6,0,0
BRDA:159,6,1,0
BRDA:159,7,0,0
BRDA:159,7,1,0
BRDA:159,7,2,0
BRDA:180,8,0,0
BRDA:180,8,1,0
BRDA:181,9,0,0
BRDA:181,9,1,0
BRDA:184,10,0,0
BRDA:184,10,1,0
BRDA:196,11,0,0
BRDA:196,11,1,0
BRDA:208,12,0,0
BRDA:208,12,1,0
BRDA:220,13,0,0
BRDA:220,13,1,0
BRDA:233,14,0,0
BRDA:233,14,1,0
BRDA:236,15,0,0
BRDA:236,15,1,0
BRDA:297,16,0,0
BRDA:297,16,1,0
BRDA:347,17,0,0
BRDA:347,17,1,0
BRDA:347,18,0,0
BRDA:347,18,1,0
BRDA:360,19,0,0
BRDA:360,19,1,0
BRDA:360,20,0,0
BRDA:360,20,1,0
BRDA:371,21,0,0
BRDA:371,21,1,0
BRDA:391,22,0,0
BRDA:391,22,1,0
BRDA:430,23,0,0
BRDA:430,23,1,0
BRDA:430,24,0,0
BRDA:430,24,1,0
BRDA:442,25,0,0
BRDA:442,25,1,0
BRDA:442,26,0,0
BRDA:442,26,1,0
BRDA:481,27,0,0
BRDA:481,27,1,0
BRDA:481,28,0,0
BRDA:481,28,1,0
BRDA:492,29,0,0
BRDA:492,29,1,0
BRDA:507,30,0,0
BRDA:507,30,1,0
BRDA:507,31,0,0
BRDA:507,31,1,0
BRDA:528,32,0,0
BRDA:528,32,1,0
BRDA:567,33,0,0
BRDA:567,33,1,0
BRDA:567,34,0,0
BRDA:567,34,1,0
BRDA:580,35,0,0
BRDA:580,35,1,0
BRDA:580,36,0,0
BRDA:580,36,1,0
BRDA:592,37,0,0
BRDA:592,37,1,0
BRF:78
BRH:0
end_of_record
TN:
SF:src/handlers/trainee-data.ts
FN:21,(anonymous_0)
FN:109,(anonymous_1)
FNF:2
FNH:0
FNDA:0,(anonymous_0)
FNDA:0,(anonymous_1)
DA:2,0
DA:9,0
DA:21,0
DA:24,0
DA:26,0
DA:27,0
DA:29,0
DA:30,0
DA:40,0
DA:41,0
DA:51,0
DA:54,0
DA:55,0
DA:56,0
DA:67,0
DA:75,0
DA:76,0
DA:79,0
DA:81,0
DA:86,0
DA:93,0
DA:94,0
DA:109,0
DA:112,0
DA:114,0
DA:115,0
DA:117,0
DA:118,0
DA:129,0
DA:130,0
DA:131,0
DA:142,0
DA:144,0
DA:146,0
DA:148,0
DA:155,0
DA:156,0
LF:37
LH:0
BRDA:29,0,0,0
BRDA:29,0,1,0
BRDA:40,1,0,0
BRDA:40,1,1,0
BRDA:55,2,0,0
BRDA:55,2,1,0
BRDA:75,3,0,0
BRDA:75,3,1,0
BRDA:117,4,0,0
BRDA:117,4,1,0
BRDA:130,5,0,0
BRDA:130,5,1,0
BRF:12
BRH:0
end_of_record
TN:
SF:src/handlers/trainers.ts
FN:21,(anonymous_0)
FN:65,(anonymous_1)
FN:114,(anonymous_2)
FN:136,(anonymous_3)
FN:163,(anonymous_4)
FN:233,(anonymous_5)
FN:258,(anonymous_6)
FN:310,(anonymous_7)
FN:409,(anonymous_8)
FN:446,(anonymous_9)
FNF:10
FNH:3
FNDA:5,(anonymous_0)
FNDA:2,(anonymous_1)
FNDA:0,(anonymous_2)
FNDA:0,(anonymous_3)
FNDA:0,(anonymous_4)
FNDA:0,(anonymous_5)
FNDA:0,(anonymous_6)
FNDA:9,(anonymous_7)
FNDA:0,(anonymous_8)
FNDA:0,(anonymous_9)
DA:2,3
DA:3,3
DA:13,3
DA:21,3
DA:24,5
DA:25,5
DA:27,5
DA:28,0
DA:38,5
DA:39,0
DA:49,5
DA:50,5
DA:52,5
DA:53,1
DA:64,4
DA:65,4
DA:66,2
DA:69,4
DA:70,2
DA:82,2
DA:90,2
DA:92,2
DA:96,2
DA:102,0
DA:103,0
DA:114,3
DA:117,0
DA:118,0
DA:120,0
DA:121,0
DA:133,0
DA:135,0
DA:136,0
DA:145,0
DA:151,0
DA:152,0
DA:163,3
DA:166,0
DA:167,0
DA:168,0
DA:170,0
DA:171,0
DA:183,0
DA:184,0
DA:185,0
DA:196,0
DA:197,0
DA:207,0
DA:215,0
DA:221,0
DA:222,0
DA:233,3
DA:236,0
DA:237,0
DA:238,0
DA:248,0
DA:249,0
DA:251,0
DA:253,0
DA:255,0
DA:256,0
DA:257,0
DA:258,0
DA:259,0
DA:263,0
DA:273,0
DA:274,0
DA:284,0
DA:289,0
DA:295,0
DA:296,0
DA:310,3
DA:313,9
DA:314,9
DA:315,9
DA:317,9
DA:318,1
DA:328,8
DA:329,1
DA:339,7
DA:341,7
DA:342,1
DA:353,6
DA:354,6
DA:355,4
DA:366,2
DA:376,2
DA:377,2
DA:378,1
DA:388,1
DA:394,0
DA:395,0
DA:409,3
DA:412,0
DA:413,0
DA:414,0
DA:416,0
DA:417,0
DA:428,0
DA:429,0
DA:430,0
DA:440,0
DA:443,0
DA:446,0
DA:457,0
DA:466,0
DA:467,0
LF:107
LH:44
BRDA:27,0,0,0
BRDA:27,0,1,5
BRDA:38,1,0,0
BRDA:38,1,1,5
BRDA:52,2,0,1
BRDA:52,2,1,4
BRDA:69,3,0,2
BRDA:69,3,1,2
BRDA:120,4,0,0
BRDA:120,4,1,0
BRDA:141,5,0,0
BRDA:141,5,1,0
BRDA:170,6,0,0
BRDA:170,6,1,0
BRDA:170,7,0,0
BRDA:170,7,1,0
BRDA:184,8,0,0
BRDA:184,8,1,0
BRDA:196,9,0,0
BRDA:196,9,1,0
BRDA:237,10,0,0
BRDA:237,10,1,0
BRDA:253,11,0,0
BRDA:253,11,1,0
BRDA:253,12,0,0
BRDA:253,12,1,0
BRDA:256,13,0,0
BRDA:256,13,1,0
BRDA:258,14,0,0
BRDA:258,14,1,0
BRDA:273,15,0,0
BRDA:273,15,1,0
BRDA:317,16,0,1
BRDA:317,16,1,8
BRDA:317,17,0,9
BRDA:317,17,1,8
BRDA:328,18,0,1
BRDA:328,18,1,7
BRDA:341,19,0,1
BRDA:341,19,1,6
BRDA:341,20,0,7
BRDA:341,20,1,6
BRDA:354,21,0,4
BRDA:354,21,1,2
BRDA:354,22,0,6
BRDA:354,22,1,3
BRDA:377,23,0,1
BRDA:377,23,1,1
BRDA:416,24,0,0
BRDA:416,24,1,0
BRDA:416,25,0,0
BRDA:416,25,1,0
BRDA:429,26,0,0
BRDA:429,26,1,0
BRDA:429,27,0,0
BRDA:429,27,1,0
BRDA:450,28,0,0
BRDA:450,28,1,0
BRF:58
BRH:22
end_of_record
TN:
SF:src/services/database.ts
FN:21,(anonymous_0)
FN:45,(anonymous_1)
FN:50,(anonymous_2)
FN:65,(anonymous_3)
FN:83,(anonymous_4)
FN:98,(anonymous_5)
FN:114,(anonymous_6)
FN:131,(anonymous_7)
FN:146,(anonymous_8)
FN:172,(anonymous_9)
FN:193,(anonymous_10)
FN:201,(anonymous_11)
FN:209,(anonymous_12)
FN:284,(anonymous_13)
FN:300,(anonymous_14)
FN:315,(anonymous_15)
FN:331,(anonymous_16)
FN:347,(anonymous_17)
FN:364,(anonymous_18)
FN:380,(anonymous_19)
FN:395,(anonymous_20)
FN:413,(anonymous_21)
FN:429,(anonymous_22)
FN:445,(anonymous_23)
FN:461,(anonymous_24)
FN:478,(anonymous_25)
FN:494,(anonymous_26)
FN:509,(anonymous_27)
FN:525,(anonymous_28)
FN:568,(anonymous_29)
FN:584,(anonymous_30)
FN:596,(anonymous_31)
FN:612,(anonymous_32)
FN:627,(anonymous_33)
FN:642,(anonymous_34)
FN:658,(anonymous_35)
FN:674,(anonymous_36)
FN:692,(anonymous_37)
FN:712,(anonymous_38)
FN:728,(anonymous_39)
FN:750,(anonymous_40)
FN:769,(anonymous_41)
FN:825,(anonymous_42)
FN:850,(anonymous_43)
FNF:44
FNH:0
FNDA:0,(anonymous_0)
FNDA:0,(anonymous_1)
FNDA:0,(anonymous_2)
FNDA:0,(anonymous_3)
FNDA:0,(anonymous_4)
FNDA:0,(anonymous_5)
FNDA:0,(anonymous_6)
FNDA:0,(anonymous_7)
FNDA:0,(anonymous_8)
FNDA:0,(anonymous_9)
FNDA:0,(anonymous_10)
FNDA:0,(anonymous_11)
FNDA:0,(anonymous_12)
FNDA:0,(anonymous_13)
FNDA:0,(anonymous_14)
FNDA:0,(anonymous_15)
FNDA:0,(anonymous_16)
FNDA:0,(anonymous_17)
FNDA:0,(anonymous_18)
FNDA:0,(anonymous_19)
FNDA:0,(anonymous_20)
FNDA:0,(anonymous_21)
FNDA:0,(anonymous_22)
FNDA:0,(anonymous_23)
FNDA:0,(anonymous_24)
FNDA:0,(anonymous_25)
FNDA:0,(anonymous_26)
FNDA:0,(anonymous_27)
FNDA:0,(anonymous_28)
FNDA:0,(anonymous_29)
FNDA:0,(anonymous_30)
FNDA:0,(anonymous_31)
FNDA:0,(anonymous_32)
FNDA:0,(anonymous_33)
FNDA:0,(anonymous_34)
FNDA:0,(anonymous_35)
FNDA:0,(anonymous_36)
FNDA:0,(anonymous_37)
FNDA:0,(anonymous_38)
FNDA:0,(anonymous_39)
FNDA:0,(anonymous_40)
FNDA:0,(anonymous_41)
FNDA:0,(anonymous_42)
FNDA:0,(anonymous_43)
DA:1,0
DA:2,0
DA:17,0
DA:23,0
DA:24,0
DA:29,0
DA:30,0
DA:31,0
DA:37,0
DA:38,0
DA:39,0
DA:41,0
DA:42,0
DA:46,0
DA:51,0
DA:52,0
DA:56,0
DA:57,0
DA:59,0
DA:60,0
DA:66,0
DA:68,0
DA:69,0
DA:73,0
DA:75,0
DA:77,0
DA:78,0
DA:84,0
DA:85,0
DA:90,0
DA:91,0
DA:93,0
DA:94,0
DA:99,0
DA:100,0
DA:105,0
DA:106,0
DA:108,0
DA:109,0
DA:115,0
DA:116,0
DA:126,0
DA:127,0
DA:130,0
DA:131,0
DA:132,0
DA:133,0
DA:134,0
DA:135,0
DA:139,0
DA:141,0
DA:142,0
DA:147,0
DA:148,0
DA:151,0
DA:152,0
DA:155,0
DA:160,0
DA:163,0
DA:165,0
DA:167,0
DA:168,0
DA:173,0
DA:175,0
DA:176,0
DA:177,0
DA:183,0
DA:186,0
DA:188,0
DA:194,0
DA:195,0
DA:200,0
DA:201,0
DA:203,0
DA:204,0
DA:210,0
DA:211,0
DA:213,0
DA:226,0
DA:228,0
DA:229,0
DA:230,0
DA:232,0
DA:234,0
DA:238,0
DA:239,0
DA:242,0
DA:243,0
DA:246,0
DA:248,0
DA:249,0
DA:253,0
DA:256,0
DA:261,0
DA:262,0
DA:265,0
DA:267,0
DA:268,0
DA:270,0
DA:275,0
DA:276,0
DA:278,0
DA:279,0
DA:285,0
DA:286,0
DA:291,0
DA:292,0
DA:293,0
DA:295,0
DA:296,0
DA:301,0
DA:302,0
DA:307,0
DA:308,0
DA:310,0
DA:311,0
DA:316,0
DA:317,0
DA:323,0
DA:324,0
DA:326,0
DA:327,0
DA:332,0
DA:333,0
DA:339,0
DA:340,0
DA:342,0
DA:343,0
DA:348,0
DA:349,0
DA:354,0
DA:355,0
DA:356,0
DA:358,0
DA:359,0
DA:365,0
DA:366,0
DA:371,0
DA:372,0
DA:373,0
DA:375,0
DA:376,0
DA:381,0
DA:382,0
DA:387,0
DA:388,0
DA:390,0
DA:391,0
DA:396,0
DA:397,0
DA:403,0
DA:404,0
DA:406,0
DA:407,0
DA:414,0
DA:415,0
DA:420,0
DA:421,0
DA:422,0
DA:424,0
DA:425,0
DA:430,0
DA:431,0
DA:437,0
DA:438,0
DA:440,0
DA:441,0
DA:446,0
DA:447,0
DA:452,0
DA:453,0
DA:454,0
DA:456,0
DA:457,0
DA:462,0
DA:463,0
DA:468,0
DA:469,0
DA:470,0
DA:472,0
DA:473,0
DA:479,0
DA:480,0
DA:485,0
DA:486,0
DA:487,0
DA:489,0
DA:490,0
DA:495,0
DA:496,0
DA:501,0
DA:502,0
DA:504,0
DA:505,0
DA:510,0
DA:511,0
DA:517,0
DA:518,0
DA:520,0
DA:521,0
DA:526,0
DA:528,0
DA:537,0
DA:538,0
DA:540,0
DA:541,0
DA:545,0
DA:546,0
DA:547,0
DA:552,0
DA:553,0
DA:554,0
DA:558,0
DA:560,0
DA:561,0
DA:569,0
DA:570,0
DA:576,0
DA:577,0
DA:579,0
DA:580,0
DA:585,0
DA:586,0
DA:592,0
DA:595,0
DA:596,0
DA:607,0
DA:608,0
DA:613,0
DA:614,0
DA:619,0
DA:620,0
DA:622,0
DA:623,0
DA:628,0
DA:629,0
DA:634,0
DA:635,0
DA:637,0
DA:638,0
DA:643,0
DA:644,0
DA:649,0
DA:650,0
DA:651,0
DA:653,0
DA:654,0
DA:659,0
DA:660,0
DA:665,0
DA:666,0
DA:667,0
DA:669,0
DA:670,0
DA:675,0
DA:676,0
DA:683,0
DA:684,0
DA:685,0
DA:687,0
DA:688,0
DA:693,0
DA:694,0
DA:703,0
DA:704,0
DA:706,0
DA:707,0
DA:713,0
DA:714,0
DA:719,0
DA:720,0
DA:721,0
DA:723,0
DA:724,0
DA:729,0
DA:730,0
DA:741,0
DA:742,0
DA:744,0
DA:745,0
DA:751,0
DA:753,0
DA:758,0
DA:759,0
DA:761,0
DA:762,0
DA:776,0
DA:778,0
DA:779,0
DA:780,0
DA:781,0
DA:785,0
DA:786,0
DA:787,0
DA:799,0
DA:811,0
DA:816,0
DA:817,0
DA:818,0
DA:820,0
DA:821,0
DA:826,0
DA:827,0
DA:834,0
DA:836,0
DA:837,0
DA:838,0
DA:839,0
DA:842,0
DA:843,0
DA:845,0
DA:846,0
DA:857,0
DA:858,0
DA:860,0
DA:868,0
DA:869,0
DA:881,0
LF:318
LH:0
BRDA:25,0,0,0
BRDA:25,0,1,0
BRDA:29,1,0,0
BRDA:29,1,1,0
BRDA:29,2,0,0
BRDA:29,2,1,0
BRDA:39,3,0,0
BRDA:39,3,1,0
BRDA:41,4,0,0
BRDA:41,4,1,0
BRDA:57,5,0,0
BRDA:57,5,1,0
BRDA:91,6,0,0
BRDA:91,6,1,0
BRDA:127,7,0,0
BRDA:127,7,1,0
BRDA:130,8,0,0
BRDA:130,8,1,0
BRDA:130,9,0,0
BRDA:130,9,1,0
BRDA:133,10,0,0
BRDA:133,10,1,0
BRDA:134,11,0,0
BRDA:134,11,1,0
BRDA:135,12,0,0
BRDA:135,12,1,0
BRDA:151,13,0,0
BRDA:151,13,1,0
BRDA:176,14,0,0
BRDA:176,14,1,0
BRDA:201,15,0,0
BRDA:201,15,1,0
BRDA:239,16,0,0
BRDA:239,16,1,0
BRDA:246,17,0,0
BRDA:246,17,1,0
BRDA:267,18,0,0
BRDA:267,18,1,0
BRDA:308,19,0,0
BRDA:308,19,1,0
BRDA:324,20,0,0
BRDA:324,20,1,0
BRDA:340,21,0,0
BRDA:340,21,1,0
BRDA:388,22,0,0
BRDA:388,22,1,0
BRDA:404,23,0,0
BRDA:404,23,1,0
BRDA:438,24,0,0
BRDA:438,24,1,0
BRDA:502,25,0,0
BRDA:502,25,1,0
BRDA:518,26,0,0
BRDA:518,26,1,0
BRDA:538,27,0,0
BRDA:538,27,1,0
BRDA:540,28,0,0
BRDA:540,28,1,0
BRDA:553,29,0,0
BRDA:553,29,1,0
BRDA:577,30,0,0
BRDA:577,30,1,0
BRDA:595,31,0,0
BRDA:595,31,1,0
BRDA:600,32,0,0
BRDA:600,32,1,0
BRDA:620,33,0,0
BRDA:620,33,1,0
BRDA:635,34,0,0
BRDA:635,34,1,0
BRDA:704,35,0,0
BRDA:704,35,1,0
BRDA:738,36,0,0
BRDA:738,36,1,0
BRDA:742,37,0,0
BRDA:742,37,1,0
BRDA:779,38,0,0
BRDA:779,38,1,0
BRDA:786,39,0,0
BRDA:786,39,1,0
BRDA:801,40,0,0
BRDA:801,40,1,0
BRDA:801,40,2,0
BRDA:802,41,0,0
BRDA:802,41,1,0
BRDA:802,41,2,0
BRDA:803,42,0,0
BRDA:803,42,1,0
BRDA:803,42,2,0
BRDA:804,43,0,0
BRDA:804,43,1,0
BRDA:807,44,0,0
BRDA:807,44,1,0
BRDA:807,44,2,0
BRDA:836,45,0,0
BRDA:836,45,1,0
BRDA:861,46,0,0
BRDA:861,46,1,0
BRDA:862,47,0,0
BRDA:862,47,1,0
BRDA:863,48,0,0
BRDA:863,48,1,0
BRDA:864,49,0,0
BRDA:864,49,1,0
BRDA:865,50,0,0
BRDA:865,50,1,0
BRF:106
BRH:0
end_of_record
TN:
SF:src/testkit/index.ts
FN:243,(anonymous_0)
FN:244,(anonymous_1)
FN:247,(anonymous_2)
FN:248,(anonymous_3)
FN:251,(anonymous_4)
FN:252,(anonymous_5)
FN:255,(anonymous_6)
FN:256,(anonymous_7)
FN:259,(anonymous_8)
FN:261,(anonymous_9)
FN:262,(anonymous_10)
FN:267,(anonymous_11)
FN:269,(anonymous_12)
FN:270,(anonymous_13)
FN:276,(anonymous_14)
FN:298,(anonymous_15)
FNF:16
FNH:0
FNDA:0,(anonymous_0)
FNDA:0,(anonymous_1)
FNDA:0,(anonymous_2)
FNDA:0,(anonymous_3)
FNDA:0,(anonymous_4)
FNDA:0,(anonymous_5)
FNDA:0,(anonymous_6)
FNDA:0,(anonymous_7)
FNDA:0,(anonymous_8)
FNDA:0,(anonymous_9)
FNDA:0,(anonymous_10)
FNDA:0,(anonymous_11)
FNDA:0,(anonymous_12)
FNDA:0,(anonymous_13)
FNDA:0,(anonymous_14)
FNDA:0,(anonymous_15)
DA:9,0
DA:36,0
DA:66,0
DA:127,0
DA:154,0
DA:243,0
DA:244,0
DA:247,0
DA:248,0
DA:251,0
DA:252,0
DA:255,0
DA:256,0
DA:259,0
DA:260,0
DA:261,0
DA:262,0
DA:264,0
DA:267,0
DA:268,0
DA:269,0
DA:270,0
DA:272,0
DA:276,0
DA:277,0
DA:278,0
DA:287,0
DA:298,0
DA:299,0
DA:303,0
DA:336,0
LF:31
LH:0
BRDA:264,0,0,0
BRDA:264,0,1,0
BRDA:272,1,0,0
BRDA:272,1,1,0
BRDA:276,2,0,0
BRDA:277,3,0,0
BRDA:277,3,1,0
BRF:7
BRH:0
end_of_record
